This is pdfTeX, Version 3.1415926-2.5-1.40.14 (TeX Live 2013/Debian) (format=pdflatex 2014.11.14)  5 JAN 2016 17:18
entering extended mode
 restricted \write18 enabled.
 %&-line parsing enabled.
**main.tex
(./main.tex
LaTeX2e <2011/06/27>
Babel <3.9h> and hyphenation patterns for 2 languages loaded.
(./mitthesis.cls
Document Class: mitthesis 1999/10/20
\vithesis=\count79
(/usr/share/texlive/texmf-dist/tex/latex/base/report.cls
Document Class: report 2007/10/19 v1.4h Standard LaTeX document class
(/usr/share/texlive/texmf-dist/tex/latex/base/size12.clo
File: size12.clo 2007/10/19 v1.4h Standard LaTeX file (size option)
)
\c@part=\count80
\c@chapter=\count81
\c@section=\count82
\c@subsection=\count83
\c@subsubsection=\count84
\c@paragraph=\count85
\c@subparagraph=\count86
\c@figure=\count87
\c@table=\count88
\abovecaptionskip=\skip41
\belowcaptionskip=\skip42
\bibindent=\dimen102
)
(/usr/share/texlive/texmf-dist/tex/latex/setspace/setspace.sty
Package: setspace 2011/12/19 v6.7a set line spacing
)
Thesis document copyright MIT unless otherwise (manually) specified
\@titlesupervisor=\box26
\@abstractsupervisor=\box27
\c@savepage=\count89
) (./sty/lgrind.sty

LaTeX Warning: You have requested package `sty/lgrind',
               but the package provides `lgrind'.

Package: lgrind 1997/01/30 v3.4 LGrind environment and supporting stuff
\lc@unt=\count90
\ln@xt=\count91
\LGnuminterval=\count92
\LGindent=\skip43
\LGsloppy=\skip44
\procbox=\box28
\ls@far=\box29
\tb@x=\box30
\TBw@d=\dimen103
\@ts=\dimen104
) (./sty/amsmath.sty

LaTeX Warning: You have requested package `sty/amsmath',
               but the package provides `amsmath'.

Package: amsmath 2013/01/14 v2.14 AMS math features
\@mathmargin=\skip45
For additional information on amsmath, use the `?' option.
(/usr/share/texlive/texmf-dist/tex/latex/amsmath/amstext.sty
Package: amstext 2000/06/29 v2.01

(/usr/share/texlive/texmf-dist/tex/latex/amsmath/amsgen.sty
File: amsgen.sty 1999/11/30 v2.0
\@emptytoks=\toks14
\ex@=\dimen105
))
(/usr/share/texlive/texmf-dist/tex/latex/amsmath/amsbsy.sty
Package: amsbsy 1999/11/29 v1.2d
\pmbraise@=\dimen106
)
(/usr/share/texlive/texmf-dist/tex/latex/amsmath/amsopn.sty
Package: amsopn 1999/12/14 v2.01 operator names
)
\inf@bad=\count93
LaTeX Info: Redefining \frac on input line 210.
\uproot@=\count94
\leftroot@=\count95
LaTeX Info: Redefining \overline on input line 306.
\classnum@=\count96
\DOTSCASE@=\count97
LaTeX Info: Redefining \ldots on input line 378.
LaTeX Info: Redefining \dots on input line 381.
LaTeX Info: Redefining \cdots on input line 466.
\Mathstrutbox@=\box31
\strutbox@=\box32
\big@size=\dimen107
LaTeX Font Info:    Redeclaring font encoding OML on input line 566.
LaTeX Font Info:    Redeclaring font encoding OMS on input line 567.
\macc@depth=\count98
\c@MaxMatrixCols=\count99
\dotsspace@=\muskip10
\c@parentequation=\count100
\dspbrk@lvl=\count101
\tag@help=\toks15
\row@=\count102
\column@=\count103
\maxfields@=\count104
\andhelp@=\toks16
\eqnshift@=\dimen108
\alignsep@=\dimen109
\tagshift@=\dimen110
\tagwidth@=\dimen111
\totwidth@=\dimen112
\lineht@=\dimen113
\@envbody=\toks17
\multlinegap=\skip46
\multlinetaggap=\skip47
\mathdisplay@stack=\toks18
LaTeX Info: Redefining \[ on input line 2665.
LaTeX Info: Redefining \] on input line 2666.
)
(./sty/multirow.sty
\bigstrutjot=\dimen114
) (./sty/rotating.sty

LaTeX Warning: You have requested package `sty/rotating',
               but the package provides `rotating'.

Package: rotating 2009/03/28 v2.16a rotated objects in LaTeX
(/usr/share/texlive/texmf-dist/tex/latex/graphics/graphicx.sty
Package: graphicx 1999/02/16 v1.0f Enhanced LaTeX Graphics (DPC,SPQR)

(/usr/share/texlive/texmf-dist/tex/latex/graphics/keyval.sty
Package: keyval 1999/03/16 v1.13 key=value parser (DPC)
\KV@toks@=\toks19
)
(/usr/share/texlive/texmf-dist/tex/latex/graphics/graphics.sty
Package: graphics 2009/02/05 v1.0o Standard LaTeX Graphics (DPC,SPQR)

(/usr/share/texlive/texmf-dist/tex/latex/graphics/trig.sty
Package: trig 1999/03/16 v1.09 sin cos tan (DPC)
)
(/usr/share/texlive/texmf-dist/tex/latex/latexconfig/graphics.cfg
File: graphics.cfg 2010/04/23 v1.9 graphics configuration of TeX Live
)
Package graphics Info: Driver file: pdftex.def on input line 91.

(/usr/share/texlive/texmf-dist/tex/latex/pdftex-def/pdftex.def
File: pdftex.def 2011/05/27 v0.06d Graphics/color for pdfTeX

(/usr/share/texlive/texmf-dist/tex/generic/oberdiek/infwarerr.sty
Package: infwarerr 2010/04/08 v1.3 Providing info/warning/error messages (HO)
)
(/usr/share/texlive/texmf-dist/tex/generic/oberdiek/ltxcmds.sty
Package: ltxcmds 2011/11/09 v1.22 LaTeX kernel commands for general use (HO)
)
\Gread@gobject=\count105
))
\Gin@req@height=\dimen115
\Gin@req@width=\dimen116
)
(/usr/share/texlive/texmf-dist/tex/latex/base/ifthen.sty
Package: ifthen 2001/05/26 v1.1c Standard LaTeX ifthen package (DPC)
)
\c@r@tfl@t=\count106
\rotFPtop=\skip48
\rotFPbot=\skip49
\rot@float@box=\box33
\rot@mess@toks=\toks20
) (./sty/cite.sty
LaTeX Info: Redefining \cite on input line 302.
LaTeX Info: Redefining \nocite on input line 373.


LaTeX Warning: You have requested package `sty/cite',
               but the package provides `cite'.

Package: cite 2010/09/10  v 5.3
) (./sty/subfigure.sty
\c@subfigure=\count107
)
Enter file names to process, (chap1,chap2 ...), or `all' to process all files:

\files=all
Including all files.
(./main.aux (./contents.aux) (./Introduction.aux) (./CMSdetector.aux)
(./Analysis.aux) (./Analysis2.aux) (./Systematics.aux) (./Results.aux)
(./biblio.aux))
\openout1 = `main.aux'.

LaTeX Font Info:    Checking defaults for OML/cmm/m/it on input line 46.
LaTeX Font Info:    ... okay on input line 46.
LaTeX Font Info:    Checking defaults for T1/cmr/m/n on input line 46.
LaTeX Font Info:    ... okay on input line 46.
LaTeX Font Info:    Checking defaults for OT1/cmr/m/n on input line 46.
LaTeX Font Info:    ... okay on input line 46.
LaTeX Font Info:    Checking defaults for OMS/cmsy/m/n on input line 46.
LaTeX Font Info:    ... okay on input line 46.
LaTeX Font Info:    Checking defaults for OMX/cmex/m/n on input line 46.
LaTeX Font Info:    ... okay on input line 46.
LaTeX Font Info:    Checking defaults for U/cmr/m/n on input line 46.
LaTeX Font Info:    ... okay on input line 46.
 (/usr/share/texlive/texmf-dist/tex/context/base/supp-pdf.mkii
[Loading MPS to PDF converter (version 2006.09.02).]
\scratchcounter=\count108
\scratchdimen=\dimen117
\scratchbox=\box34
\nofMPsegments=\count109
\nofMParguments=\count110
\everyMPshowfont=\toks21
\MPscratchCnt=\count111
\MPscratchDim=\dimen118
\MPnumerator=\count112
\makeMPintoPDFobject=\count113
\everyMPtoPDFconversion=\toks22
) (/usr/share/texlive/texmf-dist/tex/generic/oberdiek/pdftexcmds.sty
Package: pdftexcmds 2011/11/29 v0.20 Utility functions of pdfTeX for LuaTeX (HO
)

(/usr/share/texlive/texmf-dist/tex/generic/oberdiek/ifluatex.sty
Package: ifluatex 2010/03/01 v1.3 Provides the ifluatex switch (HO)
Package ifluatex Info: LuaTeX not detected.
)
(/usr/share/texlive/texmf-dist/tex/generic/oberdiek/ifpdf.sty
Package: ifpdf 2011/01/30 v2.3 Provides the ifpdf switch (HO)
Package ifpdf Info: pdfTeX in PDF mode is detected.
)
Package pdftexcmds Info: LuaTeX not detected.
Package pdftexcmds Info: \pdf@primitive is available.
Package pdftexcmds Info: \pdf@ifprimitive is available.
Package pdftexcmds Info: \pdfdraftmode found.
)
(/usr/share/texlive/texmf-dist/tex/latex/oberdiek/epstopdf-base.sty
Package: epstopdf-base 2010/02/09 v2.5 Base part for package epstopdf

(/usr/share/texlive/texmf-dist/tex/latex/oberdiek/grfext.sty
Package: grfext 2010/08/19 v1.1 Manage graphics extensions (HO)

(/usr/share/texlive/texmf-dist/tex/generic/oberdiek/kvdefinekeys.sty
Package: kvdefinekeys 2011/04/07 v1.3 Define keys (HO)
))
(/usr/share/texlive/texmf-dist/tex/latex/oberdiek/kvoptions.sty
Package: kvoptions 2011/06/30 v3.11 Key value format for package options (HO)

(/usr/share/texlive/texmf-dist/tex/generic/oberdiek/kvsetkeys.sty
Package: kvsetkeys 2012/04/25 v1.16 Key value parser (HO)

(/usr/share/texlive/texmf-dist/tex/generic/oberdiek/etexcmds.sty
Package: etexcmds 2011/02/16 v1.5 Avoid name clashes with e-TeX commands (HO)
Package etexcmds Info: Could not find \expanded.
(etexcmds)             That can mean that you are not using pdfTeX 1.50 or
(etexcmds)             that some package has redefined \expanded.
(etexcmds)             In the latter case, load this package earlier.
)))
Package grfext Info: Graphics extension search list:
(grfext)             [.png,.pdf,.jpg,.mps,.jpeg,.jbig2,.jb2,.PNG,.PDF,.JPG,.JPE
G,.JBIG2,.JB2,.eps]
(grfext)             \AppendGraphicsExtensions on input line 452.

(/usr/share/texlive/texmf-dist/tex/latex/latexconfig/epstopdf-sys.cfg
File: epstopdf-sys.cfg 2010/07/13 v1.3 Configuration of (r)epstopdf for TeX Liv
e
))
\openout2 = `contents.aux'.


(./contents.tex (./main.toc [1



{/var/lib/texmf/fonts/map/pdftex/updmap/pdftex.map}])
\tf@toc=\write3
\openout3 = `main.toc'.

 [2] (./main.lof [3

] [4])
\tf@lof=\write4
\openout4 = `main.lof'.

 [5] (./main.lot [6

])
\tf@lot=\write5
\openout5 = `main.lot'.

) [7] [8]
\openout2 = `Introduction.aux'.

 (./Introduction.tex
Chapter 1.
[1



] [2] [3] <plot/pair.pdf, id=46, 569.12625pt x 548.0475pt>
File: plot/pair.pdf Graphic file (type pdf)

<use plot/pair.pdf>
Package pdftex.def Info: plot/pair.pdf used on input line 106.
(pdftex.def)             Requested size: 151.76964pt x 146.15176pt.
 <plot/single.pdf, id=47, 569.12625pt x 548.0475pt>
File: plot/single.pdf Graphic file (type pdf)

<use plot/single.pdf>
Package pdftex.def Info: plot/single.pdf used on input line 112.
(pdftex.def)             Requested size: 151.76964pt x 146.15176pt.
 <plot/CIp.pdf, id=48, 569.12625pt x 548.0475pt>
File: plot/CIp.pdf Graphic file (type pdf)

<use plot/CIp.pdf>
Package pdftex.def Info: plot/CIp.pdf used on input line 119.
(pdftex.def)             Requested size: 151.76964pt x 146.15176pt.
 <plot/CIs.pdf, id=49, 569.12625pt x 548.0475pt>
File: plot/CIs.pdf Graphic file (type pdf)

<use plot/CIs.pdf>
Package pdftex.def Info: plot/CIs.pdf used on input line 119.
(pdftex.def)             Requested size: 151.76964pt x 146.15176pt.
 [4]
<plot/Feynman_Mustar4mu.pdf, id=53, 506.89375pt x 227.85126pt>
File: plot/Feynman_Mustar4mu.pdf Graphic file (type pdf)

<use plot/Feynman_Mustar4mu.pdf>
Package pdftex.def Info: plot/Feynman_Mustar4mu.pdf used on input line 129.
(pdftex.def)             Requested size: 212.47617pt x 95.50912pt.

<plot/Feynman_Mustar2mu2e.pdf, id=54, 506.89375pt x 227.85126pt>
File: plot/Feynman_Mustar2mu2e.pdf Graphic file (type pdf)

<use plot/Feynman_Mustar2mu2e.pdf>
Package pdftex.def Info: plot/Feynman_Mustar2mu2e.pdf used on input line 129.
(pdftex.def)             Requested size: 212.47617pt x 95.50912pt.

Overfull \hbox (3.08221pt too wide) in paragraph at lines 126--130
 [][] 
 []

<plot/Feynman_Estar4e.pdf, id=55, 502.87875pt x 227.85126pt>
File: plot/Feynman_Estar4e.pdf Graphic file (type pdf)

<use plot/Feynman_Estar4e.pdf>
Package pdftex.def Info: plot/Feynman_Estar4e.pdf used on input line 134.
(pdftex.def)             Requested size: 212.47617pt x 96.27052pt.

<plot/Feynman_Estar2e2mu.pdf, id=56, 502.87875pt x 227.85126pt>
File: plot/Feynman_Estar2e2mu.pdf Graphic file (type pdf)

<use plot/Feynman_Estar2e2mu.pdf>
Package pdftex.def Info: plot/Feynman_Estar2e2mu.pdf used on input line 134.
(pdftex.def)             Requested size: 212.47617pt x 96.27052pt.

Overfull \hbox (3.08221pt too wide) in paragraph at lines 131--135
 [][] 
 []


LaTeX Warning: `!h' float specifier changed to `!ht'.

[5] [6 <./plot/pair.pdf, page is rotated 90 degrees> <./plot/single.pdf, page i
s rotated 90 degrees> <./plot/CIp.pdf, page is rotated 90 degrees> <./plot/CIs.
pdf, page is rotated 90 degrees>] [7 <./plot/Feynman_Mustar4mu.pdf> <./plot/Fey
nman_Mustar2mu2e.pdf> <./plot/Feynman_Estar4e.pdf> <./plot/Feynman_Estar2e2mu.p
df>] <plot/BRff.pdf, id=279, 569.12625pt x 415.5525pt>
File: plot/BRff.pdf Graphic file (type pdf)
 <use plot/BRff.pdf>
Package pdftex.def Info: plot/BRff.pdf used on input line 159.
(pdftex.def)             Requested size: 390.25534pt x 284.96245pt.

[8 <./plot/BRff.pdf, page is rotated 90 degrees>]
<plot/BR1.pdf, id=326, 569.12625pt x 415.5525pt>
File: plot/BR1.pdf Graphic file (type pdf)
 <use plot/BR1.pdf>
Package pdftex.def Info: plot/BR1.pdf used on input line 168.
(pdftex.def)             Requested size: 390.25534pt x 284.96245pt.

<plot/BRn1.pdf, id=327, 569.12625pt x 415.5525pt>
File: plot/BRn1.pdf Graphic file (type pdf)
 <use plot/BRn1.pdf>
Package pdftex.def Info: plot/BRn1.pdf used on input line 175.
(pdftex.def)             Requested size: 390.25534pt x 284.96245pt.


LaTeX Warning: `!h' float specifier changed to `!ht'.

[9 <./plot/BR1.pdf, page is rotated 90 degrees>]
<plot/XS.pdf, id=374, 569.12625pt x 415.5525pt>
File: plot/XS.pdf Graphic file (type pdf)
 <use plot/XS.pdf>
Package pdftex.def Info: plot/XS.pdf used on input line 196.
(pdftex.def)             Requested size: 390.25534pt x 284.96245pt.
 [10 <./plot/BRn1.pdf, page is rotated 90 degrees>] [11 <./plot/XS.pdf, page is
 rotated 90 degrees>])
\openout2 = `CMSdetector.aux'.

 (./CMSdetector.tex
Chapter 2.

Overfull \hbox (0.46439pt too wide) in paragraph at lines 2--3
\OT1/cmr/m/n/12 This anal-y-sis is done by us-ing the data recorded by the Com-
pact Muon Solenoid(CMS)
 []

[12



] <plot/cern-lhc-aerial.jpg, id=473, 1204.5pt x 860.21375pt>
File: plot/cern-lhc-aerial.jpg Graphic file (type jpg)

<use plot/cern-lhc-aerial.jpg>
Package pdftex.def Info: plot/cern-lhc-aerial.jpg used on input line 10.
(pdftex.def)             Requested size: 433.62pt x 309.67671pt.
LaTeX Font Info:    Try loading font information for OMS+cmr on input line 19.

(/usr/share/texlive/texmf-dist/tex/latex/base/omscmr.fd
File: omscmr.fd 1999/05/25 v2.5h Standard LaTeX font definitions
)
LaTeX Font Info:    Font shape `OMS/cmr/m/n' in size <12> not available
(Font)              Font shape `OMS/cmsy/m/n' tried instead on input line 19.
 [13 <./plot/cern-lhc-aerial.jpg>] <plot/cms_3d_jul10.png, id=477, 642.4pt x 45
4.69875pt>
File: plot/cms_3d_jul10.png Graphic file (type png)

<use plot/cms_3d_jul10.png>
Package pdftex.def Info: plot/cms_3d_jul10.png used on input line 32.
(pdftex.def)             Requested size: 390.25534pt x 276.23491pt.
 [14] [15 <./plot/cms_3d_jul10.png>]

LaTeX Warning: Reference `pixel' on page 16 undefined on input line 82.

[16] <plot/tracker.png, id=487, 959.585pt x 455.7025pt>
File: plot/tracker.png Graphic file (type png)
 <use plot/tracker.png>
Package pdftex.def Info: plot/tracker.png used on input line 98.
(pdftex.def)             Requested size: 433.62pt x 205.92645pt.

<plot/pixel.png, id=488, 899.36pt x 526.96875pt>
File: plot/pixel.png Graphic file (type png)
 <use plot/pixel.png>
Package pdftex.def Info: plot/pixel.png used on input line 105.
(pdftex.def)             Requested size: 260.17464pt x 152.44713pt.

Overfull \hbox (6.6046pt too wide) in paragraph at lines 111--127
\OT1/cmr/m/n/12 High en-ergy elec-trons and pho-tons in-ter-act with mat-ter ma
inly through bremsstrahlung
 []

[17 <./plot/tracker.png>] [18 <./plot/pixel.png>]
<plot/muonchamber.png, id=496, 909.3975pt x 660.4675pt>
File: plot/muonchamber.png Graphic file (type png)

<use plot/muonchamber.png>
Package pdftex.def Info: plot/muonchamber.png used on input line 148.
(pdftex.def)             Requested size: 390.25534pt x 283.43112pt.
 [19] [20 <./plot/muonchamber.png>] [21]
<plot/trigger.png, id=506, 1225.57875pt x 669.50125pt>
File: plot/trigger.png Graphic file (type png)
 <use plot/trigger.png>
Package pdftex.def Info: plot/trigger.png used on input line 199.
(pdftex.def)             Requested size: 390.25534pt x 213.18234pt.
Missing character: There is no ‚ in font cmr12!
Missing character: There is no Ä in font cmr12!
Missing character: There is no ú in font cmr12!
Missing character: There is no ‚ in font cmr12!
Missing character: There is no Ä in font cmr12!
Missing character: There is no ù in font cmr12!

[22]) [23 <./plot/trigger.png>]
\openout2 = `Analysis.aux'.

 (./Analysis.tex
Chapter 3.

LaTeX Warning: `!h' float specifier changed to `!ht'.

[24



] [25]

LaTeX Warning: `!h' float specifier changed to `!ht'.


LaTeX Warning: `h' float specifier changed to `ht'.

[26] [27] <plot/TrgEff_estar.pdf, id=527, 569.12625pt x 553.06625pt>
File: plot/TrgEff_estar.pdf Graphic file (type pdf)

<use plot/TrgEff_estar.pdf>
Package pdftex.def Info: plot/TrgEff_estar.pdf used on input line 141.
(pdftex.def)             Requested size: 303.53267pt x 294.98032pt.

<plot/TrgEff_mustar.pdf, id=528, 569.12625pt x 553.06625pt>
File: plot/TrgEff_mustar.pdf Graphic file (type pdf)

<use plot/TrgEff_mustar.pdf>
Package pdftex.def Info: plot/TrgEff_mustar.pdf used on input line 142.
(pdftex.def)             Requested size: 303.53267pt x 294.98032pt.


LaTeX Warning: Float too large for page by 7.03064pt on input line 145.

[28] [29 <./plot/TrgEff_estar.pdf, page is rotated 90 degrees> <./plot/TrgEff_m
ustar.pdf, page is rotated 90 degrees>] [30] [31]
Overfull \hbox (69.13945pt too wide) in paragraph at lines 179--200
 [] 
 []

[32] [33] [34]

LaTeX Warning: `!h' float specifier changed to `!ht'.

<plot/Isolation_electrons.pdf, id=637, 569.12625pt x 549.05125pt>
File: plot/Isolation_electrons.pdf Graphic file (type pdf)

<use plot/Isolation_electrons.pdf>
Package pdftex.def Info: plot/Isolation_electrons.pdf used on input line 357.
(pdftex.def)             Requested size: 216.81pt x 209.16107pt.

<plot/Isolation_muons.pdf, id=638, 569.12625pt x 551.05875pt>
File: plot/Isolation_muons.pdf Graphic file (type pdf)

<use plot/Isolation_muons.pdf>
Package pdftex.def Info: plot/Isolation_muons.pdf used on input line 358.
(pdftex.def)             Requested size: 216.81pt x 209.92581pt.
 [35 <./plot/Isolation_electrons.pdf, page is rotated 90 degrees> <./plot/Isola
tion_muons.pdf, page is rotated 90 degrees>]
[36] [37] [38] <plot/VtxN_2mu2e.pdf, id=739, 569.12625pt x 553.06625pt>
File: plot/VtxN_2mu2e.pdf Graphic file (type pdf)

<use plot/VtxN_2mu2e.pdf>
Package pdftex.def Info: plot/VtxN_2mu2e.pdf used on input line 384.
(pdftex.def)             Requested size: 208.13574pt x 202.25992pt.

<plot/VtxN_2e2mu.pdf, id=740, 569.12625pt x 553.06625pt>
File: plot/VtxN_2e2mu.pdf Graphic file (type pdf)

<use plot/VtxN_2e2mu.pdf>
Package pdftex.def Info: plot/VtxN_2e2mu.pdf used on input line 385.
(pdftex.def)             Requested size: 208.13574pt x 202.25992pt.
) [39

 <./plot/VtxN_2mu2e.pdf, page is rotated 90 degrees> <./plot/VtxN_2e2mu.pdf, pa
ge is rotated 90 degrees>]
\openout2 = `Analysis2.aux'.

 (./Analysis2.tex
[40


] [41]

LaTeX Warning: `h' float specifier changed to `ht'.

<plot/Effizienz_allchannels.pdf, id=838, 569.12625pt x 385.44pt>
File: plot/Effizienz_allchannels.pdf Graphic file (type pdf)

<use plot/Effizienz_allchannels.pdf>
Package pdftex.def Info: plot/Effizienz_allchannels.pdf used on input line 113.

(pdftex.def)             Requested size: 390.25534pt x 264.31299pt.


LaTeX Warning: `!h' float specifier changed to `!ht'.

<plot/Acceptance_only.pdf, id=839, 569.12625pt x 385.44pt>
File: plot/Acceptance_only.pdf Graphic file (type pdf)

<use plot/Acceptance_only.pdf>
Package pdftex.def Info: plot/Acceptance_only.pdf used on input line 120.
(pdftex.def)             Requested size: 390.25534pt x 264.31299pt.


LaTeX Warning: `!h' float specifier changed to `!ht'.

[42] [43] [44 <./plot/Effizienz_allchannels.pdf, page is rotated 90 degrees> <.
/plot/Acceptance_only.pdf, page is rotated 90 degrees>]

LaTeX Warning: `!h' float specifier changed to `!ht'.


LaTeX Warning: `!h' float specifier changed to `!ht'.

<plot/Pt_2mu2e.pdf, id=936, 569.12625pt x 553.06625pt>
File: plot/Pt_2mu2e.pdf Graphic file (type pdf)
 <use plot/Pt_2mu2e.pdf>
Package pdftex.def Info: plot/Pt_2mu2e.pdf used on input line 222.
(pdftex.def)             Requested size: 208.13574pt x 202.25992pt.

<plot/Pt_2e2mu.pdf, id=937, 569.12625pt x 553.06625pt>
File: plot/Pt_2e2mu.pdf Graphic file (type pdf)
 <use plot/Pt_2e2mu.pdf>
Package pdftex.def Info: plot/Pt_2e2mu.pdf used on input line 223.
(pdftex.def)             Requested size: 208.13574pt x 202.25992pt.

<plot/Eta_2mu2e.pdf, id=938, 569.12625pt x 553.06625pt>
File: plot/Eta_2mu2e.pdf Graphic file (type pdf)

<use plot/Eta_2mu2e.pdf>
Package pdftex.def Info: plot/Eta_2mu2e.pdf used on input line 231.
(pdftex.def)             Requested size: 208.13574pt x 202.25992pt.

<plot/Eta_2e2mu.pdf, id=939, 569.12625pt x 553.06625pt>
File: plot/Eta_2e2mu.pdf Graphic file (type pdf)

<use plot/Eta_2e2mu.pdf>
Package pdftex.def Info: plot/Eta_2e2mu.pdf used on input line 232.
(pdftex.def)             Requested size: 208.13574pt x 202.25992pt.

<plot/Phi_2mu2e.pdf, id=940, 569.12625pt x 553.06625pt>
File: plot/Phi_2mu2e.pdf Graphic file (type pdf)

<use plot/Phi_2mu2e.pdf>
Package pdftex.def Info: plot/Phi_2mu2e.pdf used on input line 240.
(pdftex.def)             Requested size: 208.13574pt x 202.25992pt.

<plot/Phi_2e2mu.pdf, id=941, 569.12625pt x 553.06625pt>
File: plot/Phi_2e2mu.pdf Graphic file (type pdf)

<use plot/Phi_2e2mu.pdf>
Package pdftex.def Info: plot/Phi_2e2mu.pdf used on input line 241.
(pdftex.def)             Requested size: 208.13574pt x 202.25992pt.
 <plot/Z_2mu2e.pdf, id=942, 569.12625pt x 553.06625pt>
File: plot/Z_2mu2e.pdf Graphic file (type pdf)

<use plot/Z_2mu2e.pdf>
Package pdftex.def Info: plot/Z_2mu2e.pdf used on input line 249.
(pdftex.def)             Requested size: 208.13574pt x 202.25992pt.
 <plot/Z_2e2mu.pdf, id=943, 569.12625pt x 553.06625pt>
File: plot/Z_2e2mu.pdf Graphic file (type pdf)

<use plot/Z_2e2mu.pdf>
Package pdftex.def Info: plot/Z_2e2mu.pdf used on input line 250.
(pdftex.def)             Requested size: 208.13574pt x 202.25992pt.

<plot/nonZ_2mu2e.pdf, id=944, 569.12625pt x 553.06625pt>
File: plot/nonZ_2mu2e.pdf Graphic file (type pdf)

<use plot/nonZ_2mu2e.pdf>
Package pdftex.def Info: plot/nonZ_2mu2e.pdf used on input line 258.
(pdftex.def)             Requested size: 208.13574pt x 202.25992pt.

<plot/nonZ_2e2mu.pdf, id=945, 569.12625pt x 553.06625pt>
File: plot/nonZ_2e2mu.pdf Graphic file (type pdf)

<use plot/nonZ_2e2mu.pdf>
Package pdftex.def Info: plot/nonZ_2e2mu.pdf used on input line 259.
(pdftex.def)             Requested size: 208.13574pt x 202.25992pt.

<plot/Minv_2mu2e.pdf, id=946, 569.12625pt x 553.06625pt>
File: plot/Minv_2mu2e.pdf Graphic file (type pdf)

<use plot/Minv_2mu2e.pdf>
Package pdftex.def Info: plot/Minv_2mu2e.pdf used on input line 273.
(pdftex.def)             Requested size: 208.13574pt x 202.25992pt.

<plot/Minv_2e2mu.pdf, id=947, 569.12625pt x 553.06625pt>
File: plot/Minv_2e2mu.pdf Graphic file (type pdf)

<use plot/Minv_2e2mu.pdf>
Package pdftex.def Info: plot/Minv_2e2mu.pdf used on input line 274.
(pdftex.def)             Requested size: 208.13574pt x 202.25992pt.

<plot/dR_Z_2mu2e.pdf, id=948, 569.12625pt x 553.06625pt>
File: plot/dR_Z_2mu2e.pdf Graphic file (type pdf)

<use plot/dR_Z_2mu2e.pdf>
Package pdftex.def Info: plot/dR_Z_2mu2e.pdf used on input line 282.
(pdftex.def)             Requested size: 208.13574pt x 202.25992pt.

<plot/dR_Z_2e2mu.pdf, id=949, 569.12625pt x 553.06625pt>
File: plot/dR_Z_2e2mu.pdf Graphic file (type pdf)

<use plot/dR_Z_2e2mu.pdf>
Package pdftex.def Info: plot/dR_Z_2e2mu.pdf used on input line 283.
(pdftex.def)             Requested size: 208.13574pt x 202.25992pt.

<plot/2e2muZZMass_70-800_8TeV.pdf, id=950, 569.12625pt x 546.04pt>
File: plot/2e2muZZMass_70-800_8TeV.pdf Graphic file (type pdf)

<use plot/2e2muZZMass_70-800_8TeV.pdf>
Package pdftex.def Info: plot/2e2muZZMass_70-800_8TeV.pdf used on input line 29
0.
(pdftex.def)             Requested size: 260.17464pt x 249.63171pt.


LaTeX Warning: `!h' float specifier changed to `!ht'.

[45

] [46 <./plot/Pt_2mu2e.pdf, page is rotated 90 degrees> <./plot/Pt_2e2mu.pdf, p
age is rotated 90 degrees> <./plot/Eta_2mu2e.pdf, page is rotated 90 degrees> <
./plot/Eta_2e2mu.pdf, page is rotated 90 degrees>] [47 <./plot/Phi_2mu2e.pdf, p
age is rotated 90 degrees> <./plot/Phi_2e2mu.pdf, page is rotated 90 degrees> <
./plot/Z_2mu2e.pdf, page is rotated 90 degrees> <./plot/Z_2e2mu.pdf, page is ro
tated 90 degrees>] [48 <./plot/nonZ_2mu2e.pdf, page is rotated 90 degrees> <./p
lot/nonZ_2e2mu.pdf, page is rotated 90 degrees> <./plot/Minv_2mu2e.pdf, page is
 rotated 90 degrees> <./plot/Minv_2e2mu.pdf, page is rotated 90 degrees>]
[49 <./plot/dR_Z_2mu2e.pdf, page is rotated 90 degrees> <./plot/dR_Z_2e2mu.pdf,
 page is rotated 90 degrees>] [50] [51 <./plot/2e2muZZMass_70-800_8TeV.pdf>]

LaTeX Warning: `!h' float specifier changed to `!ht'.

<plot/Mmin_2mu2e.pdf, id=1586, 569.12625pt x 553.06625pt>
File: plot/Mmin_2mu2e.pdf Graphic file (type pdf)

<use plot/Mmin_2mu2e.pdf>
Package pdftex.def Info: plot/Mmin_2mu2e.pdf used on input line 380.
(pdftex.def)             Requested size: 208.13574pt x 202.25992pt.

<plot/Mmin_2e2mu.pdf, id=1587, 569.12625pt x 552.0625pt>
File: plot/Mmin_2e2mu.pdf Graphic file (type pdf)

<use plot/Mmin_2e2mu.pdf>
Package pdftex.def Info: plot/Mmin_2e2mu.pdf used on input line 381.
(pdftex.def)             Requested size: 208.13574pt x 201.89284pt.

<plot/Mmax_2mu2e.pdf, id=1588, 569.12625pt x 553.06625pt>
File: plot/Mmax_2mu2e.pdf Graphic file (type pdf)

<use plot/Mmax_2mu2e.pdf>
Package pdftex.def Info: plot/Mmax_2mu2e.pdf used on input line 389.
(pdftex.def)             Requested size: 208.13574pt x 202.25992pt.

<plot/Mmax_2e2mu.pdf, id=1589, 569.12625pt x 553.06625pt>
File: plot/Mmax_2e2mu.pdf Graphic file (type pdf)

<use plot/Mmax_2e2mu.pdf>
Package pdftex.def Info: plot/Mmax_2e2mu.pdf used on input line 390.
(pdftex.def)             Requested size: 208.13574pt x 202.25992pt.
 [52

] [53 <./plot/Mmin_2mu2e.pdf, page is rotated 90 degrees> <./plot/Mmin_2e2mu.pd
f, page is rotated 90 degrees> <./plot/Mmax_2mu2e.pdf, page is rotated 90 degre
es> <./plot/Mmax_2e2mu.pdf, page is rotated 90 degrees>]) [54]
\openout2 = `Systematics.aux'.

 (./Systematics.tex [55


]

LaTeX Warning: `!h' float specifier changed to `!ht'.


LaTeX Warning: `!h' float specifier changed to `!ht'.

[56] [57])
\openout2 = `Results.aux'.

 (./Results.tex
Chapter 4.
[58




] <plot/signal_2mu2e.pdf, id=1785, 569.12625pt x 423.5825pt>
File: plot/signal_2mu2e.pdf Graphic file (type pdf)

<use plot/signal_2mu2e.pdf>
Package pdftex.def Info: plot/signal_2mu2e.pdf used on input line 16.
(pdftex.def)             Requested size: 208.13574pt x 154.90688pt.

<plot/signal_2e2mu.pdf, id=1786, 569.12625pt x 413.545pt>
File: plot/signal_2e2mu.pdf Graphic file (type pdf)

<use plot/signal_2e2mu.pdf>
Package pdftex.def Info: plot/signal_2e2mu.pdf used on input line 17.
(pdftex.def)             Requested size: 208.13574pt x 151.23608pt.

<plot/Effizienz_2mu2e.pdf, id=1787, 569.12625pt x 385.44pt>
File: plot/Effizienz_2mu2e.pdf Graphic file (type pdf)

<use plot/Effizienz_2mu2e.pdf>
Package pdftex.def Info: plot/Effizienz_2mu2e.pdf used on input line 26.
(pdftex.def)             Requested size: 208.13574pt x 140.9579pt.

<plot/Effizienz_2e2mu.pdf, id=1788, 569.12625pt x 385.44pt>
File: plot/Effizienz_2e2mu.pdf Graphic file (type pdf)

<use plot/Effizienz_2e2mu.pdf>
Package pdftex.def Info: plot/Effizienz_2e2mu.pdf used on input line 27.
(pdftex.def)             Requested size: 208.13574pt x 140.9579pt.
 [59 <./plot/signal_2mu2e.pdf, page is rotated 90 degrees> <./plot/signal_2e2mu
.pdf, page is rotated 90 degrees>]

LaTeX Warning: `!h' float specifier changed to `!ht'.

<plot/L_shape_2mu2e.pdf, id=1880, 569.12625pt x 553.06625pt>
File: plot/L_shape_2mu2e.pdf Graphic file (type pdf)

<use plot/L_shape_2mu2e.pdf>
Package pdftex.def Info: plot/L_shape_2mu2e.pdf used on input line 89.
(pdftex.def)             Requested size: 208.13574pt x 202.25992pt.

<plot/L_shape_2e2mu.pdf, id=1881, 569.12625pt x 553.06625pt>
File: plot/L_shape_2e2mu.pdf Graphic file (type pdf)

<use plot/L_shape_2e2mu.pdf>
Package pdftex.def Info: plot/L_shape_2e2mu.pdf used on input line 90.
(pdftex.def)             Requested size: 208.13574pt x 202.25992pt.
 [60 <./plot/Effizienz_2mu2e.pdf, page is rotated 90 degrees> <./plot/Effizienz
_2e2mu.pdf, page is rotated 90 degrees>] [61]
<plot/limit_4mu.pdf, id=1974, 569.12625pt x 552.0625pt>
File: plot/limit_4mu.pdf Graphic file (type pdf)

<use plot/limit_4mu.pdf>
Package pdftex.def Info: plot/limit_4mu.pdf used on input line 115.
(pdftex.def)             Requested size: 208.13574pt x 201.89284pt.

<plot/limit_lambda_4mu.pdf, id=1975, 569.12625pt x 552.0625pt>
File: plot/limit_lambda_4mu.pdf Graphic file (type pdf)

<use plot/limit_lambda_4mu.pdf>
Package pdftex.def Info: plot/limit_lambda_4mu.pdf used on input line 116.
(pdftex.def)             Requested size: 208.13574pt x 201.89284pt.

<plot/limit_2mu2e.pdf, id=1976, 569.12625pt x 552.0625pt>
File: plot/limit_2mu2e.pdf Graphic file (type pdf)

<use plot/limit_2mu2e.pdf>
Package pdftex.def Info: plot/limit_2mu2e.pdf used on input line 123.
(pdftex.def)             Requested size: 208.13574pt x 201.89284pt.

<plot/limit_lambda_2mu2e.pdf, id=1977, 569.12625pt x 552.0625pt>
File: plot/limit_lambda_2mu2e.pdf Graphic file (type pdf)

<use plot/limit_lambda_2mu2e.pdf>
Package pdftex.def Info: plot/limit_lambda_2mu2e.pdf used on input line 124.
(pdftex.def)             Requested size: 208.13574pt x 201.89284pt.

<plot/limit_4e.pdf, id=1978, 569.12625pt x 552.0625pt>
File: plot/limit_4e.pdf Graphic file (type pdf)
 <use plot/limit_4e.pdf>
Package pdftex.def Info: plot/limit_4e.pdf used on input line 135.
(pdftex.def)             Requested size: 208.13574pt x 201.89284pt.

<plot/limit_lambda_2e2mu.pdf, id=1979, 569.12625pt x 552.0625pt>
File: plot/limit_lambda_2e2mu.pdf Graphic file (type pdf)

<use plot/limit_lambda_2e2mu.pdf>
Package pdftex.def Info: plot/limit_lambda_2e2mu.pdf used on input line 136.
(pdftex.def)             Requested size: 208.13574pt x 201.89284pt.

<plot/limit_2e2mu.pdf, id=1980, 569.12625pt x 552.0625pt>
File: plot/limit_2e2mu.pdf Graphic file (type pdf)

<use plot/limit_2e2mu.pdf>
Package pdftex.def Info: plot/limit_2e2mu.pdf used on input line 143.
(pdftex.def)             Requested size: 208.13574pt x 201.89284pt.
File: plot/limit_lambda_2e2mu.pdf Graphic file (type pdf)
 <use plot/limit_lambda_2e2mu.pdf>
Package pdftex.def Info: plot/limit_lambda_2e2mu.pdf used on input line 144.
(pdftex.def)             Requested size: 208.13574pt x 201.89284pt.

<plot/limit_combined_mustar.pdf, id=1981, 569.12625pt x 552.0625pt>
File: plot/limit_combined_mustar.pdf Graphic file (type pdf)

<use plot/limit_combined_mustar.pdf>
Package pdftex.def Info: plot/limit_combined_mustar.pdf used on input line 153.

(pdftex.def)             Requested size: 208.13574pt x 201.89284pt.

<plot/limit_lambda_combined_mustar.pdf, id=1982, 569.12625pt x 552.0625pt>
File: plot/limit_lambda_combined_mustar.pdf Graphic file (type pdf)

<use plot/limit_lambda_combined_mustar.pdf>
Package pdftex.def Info: plot/limit_lambda_combined_mustar.pdf used on input li
ne 154.
(pdftex.def)             Requested size: 208.13574pt x 201.89284pt.

<plot/limit_combined_estar.pdf, id=1983, 569.12625pt x 552.0625pt>
File: plot/limit_combined_estar.pdf Graphic file (type pdf)

<use plot/limit_combined_estar.pdf>
Package pdftex.def Info: plot/limit_combined_estar.pdf used on input line 161.
(pdftex.def)             Requested size: 208.13574pt x 201.89284pt.

<plot/limit_lambda_combined_estar.pdf, id=1984, 569.12625pt x 552.0625pt>
File: plot/limit_lambda_combined_estar.pdf Graphic file (type pdf)

<use plot/limit_lambda_combined_estar.pdf>
Package pdftex.def Info: plot/limit_lambda_combined_estar.pdf used on input lin
e 162.
(pdftex.def)             Requested size: 208.13574pt x 201.89284pt.
 [62] [63 <./plot/L_shape_2mu2e.pdf, page is rotated 90 degrees> <./plot/L_shap
e_2e2mu.pdf, page is rotated 90 degrees> <./plot/limit_4mu.pdf, page is rotated
 90 degrees> <./plot/limit_lambda_4mu.pdf, page is rotated 90 degrees>] [64 <./
plot/limit_2mu2e.pdf, page is rotated 90 degrees> <./plot/limit_lambda_2mu2e.pd
f, page is rotated 90 degrees> <./plot/limit_4e.pdf, page is rotated 90 degrees
> <./plot/limit_lambda_2e2mu.pdf, page is rotated 90 degrees>] [65 <./plot/limi
t_2e2mu.pdf, page is rotated 90 degrees> <./plot/limit_combined_mustar.pdf, pag
e is rotated 90 degrees> <./plot/limit_lambda_combined_mustar.pdf, page is rota
ted 90 degrees>]
Missing character: There is no ‚ in font cmr6!
Missing character: There is no à in font cmr6!
Missing character: There is no ó in font cmr6!
Missing character: There is no ‚ in font cmr6!
Missing character: There is no à in font cmr6!
Missing character: There is no ó in font cmr6!
 [66]) [67 <./plot/limit_combined_estar.pdf, page is rotated 90 degrees> <./plo
t/limit_lambda_combined_estar.pdf, page is rotated 90 degrees>]
\openout2 = `biblio.aux'.

 (./biblio.tex (./main.bbl
Underfull \hbox (badness 10000) in paragraph at lines 33--37
[]\OT1/cmr/m/n/12 Exotica Res-o-nances Group.  Physic-sre-sults exo10016.
 []

[68



]
Missing character: There is no √ in font cmr12!
Missing character: There is no º in font cmr12!

Overfull \hbox (57.15132pt too wide) in paragraph at lines 129--131
[]\OT1/cmr/m/n/12 https://twiki.cern.ch/twiki/bin/viewauth/CMS/EgCommissioningA
ndPhysicsDeliverables. 
 []


Underfull \hbox (badness 10000) in paragraph at lines 146--149
[]\OT1/cmr/m/n/12 Exotica Muon Group.  High pt muons.
 []

[69]
Underfull \hbox (badness 1953) in paragraph at lines 197--200
[]\OT1/cmr/m/n/12 G. K. et. al.  Roost-atscl95: cross sec-tion in a count-ing e
x-per-i-ment.
 []


Underfull \hbox (badness 10000) in paragraph at lines 202--207
[]\OT1/cmr/m/n/12 Higgs Statis-tic Group.  Doc-u-men-ta-tion of the
 []


Underfull \hbox (badness 10000) in paragraph at lines 202--207
\OT1/cmr/m/n/12 roostats-based statis-tics tools for higgs pag.
 []


Overfull \hbox (44.36812pt too wide) in paragraph at lines 202--207
\OT1/cmr/m/n/12 https://twiki.cern.ch/twiki/bin/viewauth/CMS/SWGuideHiggsAnalys
isCombinedLimit. 
 []

)) [70] (./main.aux (./contents.aux) (./Introduction.aux) (./CMSdetector.aux)
(./Analysis.aux) (./Analysis2.aux) (./Systematics.aux) (./Results.aux)
(./biblio.aux))

LaTeX Warning: There were undefined references.

 ) 
Here is how much of TeX's memory you used:
 3051 strings out of 495028
 42997 string characters out of 6181496
 121304 words of memory out of 5000000
 6092 multiletter control sequences out of 15000+600000
 10888 words of font info for 39 fonts, out of 8000000 for 9000
 14 hyphenation exceptions out of 8191
 38i,15n,23p,1328b,371s stack positions out of 5000i,500n,10000p,200000b,80000s
</usr/share/texlive/texmf-dist/fonts/type1/public/amsfonts/cm/cmbx12.pfb></us
r/share/texlive/texmf-dist/fonts/type1/public/amsfonts/cm/cmcsc10.pfb></usr/sha
re/texlive/texmf-dist/fonts/type1/public/amsfonts/cm/cmex10.pfb></usr/share/tex
live/texmf-dist/fonts/type1/public/amsfonts/cm/cmmi12.pfb></usr/share/texlive/t
exmf-dist/fonts/type1/public/amsfonts/cm/cmmi6.pfb></usr/share/texlive/texmf-di
st/fonts/type1/public/amsfonts/cm/cmmi8.pfb></usr/share/texlive/texmf-dist/font
s/type1/public/amsfonts/cm/cmr10.pfb></usr/share/texlive/texmf-dist/fonts/type1
/public/amsfonts/cm/cmr12.pfb></usr/share/texlive/texmf-dist/fonts/type1/public
/amsfonts/cm/cmr17.pfb></usr/share/texlive/texmf-dist/fonts/type1/public/amsfon
ts/cm/cmr6.pfb></usr/share/texlive/texmf-dist/fonts/type1/public/amsfonts/cm/cm
r8.pfb></usr/share/texlive/texmf-dist/fonts/type1/public/amsfonts/cm/cmsy10.pfb
></usr/share/texlive/texmf-dist/fonts/type1/public/amsfonts/cm/cmsy6.pfb></usr/
share/texlive/texmf-dist/fonts/type1/public/amsfonts/cm/cmsy8.pfb></usr/share/t
exlive/texmf-dist/fonts/type1/public/amsfonts/cm/cmti12.pfb>
Output written on main.pdf (78 pages, 12646429 bytes).
PDF statistics:
 2623 PDF objects out of 2984 (max. 8388607)
 1177 compressed objects within 12 object streams
 0 named destinations out of 1000 (max. 500000)
 311 words of extra memory for PDF output out of 10000 (max. 10000000)

