This is pdfTeX, Version 3.1415926-2.5-1.40.14 (TeX Live 2013/Debian) (format=pdflatex 2016.3.5)  23 MAR 2016 22:23
entering extended mode
 restricted \write18 enabled.
 %&-line parsing enabled.
**main.tex
(./main.tex
LaTeX2e <2011/06/27>
Babel <3.9h> and hyphenation patterns for 2 languages loaded.
(./mitthesis.cls
Document Class: mitthesis 1999/10/20
\vithesis=\count79
(/usr/share/texlive/texmf-dist/tex/latex/base/report.cls
Document Class: report 2007/10/19 v1.4h Standard LaTeX document class
(/usr/share/texlive/texmf-dist/tex/latex/base/size12.clo
File: size12.clo 2007/10/19 v1.4h Standard LaTeX file (size option)
)
\c@part=\count80
\c@chapter=\count81
\c@section=\count82
\c@subsection=\count83
\c@subsubsection=\count84
\c@paragraph=\count85
\c@subparagraph=\count86
\c@figure=\count87
\c@table=\count88
\abovecaptionskip=\skip41
\belowcaptionskip=\skip42
\bibindent=\dimen102
)
(/usr/share/texlive/texmf-dist/tex/latex/setspace/setspace.sty
Package: setspace 2011/12/19 v6.7a set line spacing
)
Thesis document copyright MIT unless otherwise (manually) specified
\@titlesupervisor=\box26
\@abstractsupervisor=\box27
\c@savepage=\count89
) (./lgrind.sty
Package: lgrind 1997/01/30 v3.4 LGrind environment and supporting stuff
\lc@unt=\count90
\ln@xt=\count91
\LGnuminterval=\count92
\LGindent=\skip43
\LGsloppy=\skip44
\procbox=\box28
\ls@far=\box29
\tb@x=\box30
\TBw@d=\dimen103
\@ts=\dimen104
) (./amsmath.sty
Package: amsmath 2013/01/14 v2.14 AMS math features
\@mathmargin=\skip45

For additional information on amsmath, use the `?' option.
(/usr/share/texlive/texmf-dist/tex/latex/amsmath/amstext.sty
Package: amstext 2000/06/29 v2.01

(/usr/share/texlive/texmf-dist/tex/latex/amsmath/amsgen.sty
File: amsgen.sty 1999/11/30 v2.0
\@emptytoks=\toks14
\ex@=\dimen105
))
(/usr/share/texlive/texmf-dist/tex/latex/amsmath/amsbsy.sty
Package: amsbsy 1999/11/29 v1.2d
\pmbraise@=\dimen106
)
(/usr/share/texlive/texmf-dist/tex/latex/amsmath/amsopn.sty
Package: amsopn 1999/12/14 v2.01 operator names
)
\inf@bad=\count93
LaTeX Info: Redefining \frac on input line 210.
\uproot@=\count94
\leftroot@=\count95
LaTeX Info: Redefining \overline on input line 306.
\classnum@=\count96
\DOTSCASE@=\count97
LaTeX Info: Redefining \ldots on input line 378.
LaTeX Info: Redefining \dots on input line 381.
LaTeX Info: Redefining \cdots on input line 466.
\Mathstrutbox@=\box31
\strutbox@=\box32
\big@size=\dimen107
LaTeX Font Info:    Redeclaring font encoding OML on input line 566.
LaTeX Font Info:    Redeclaring font encoding OMS on input line 567.
\macc@depth=\count98
\c@MaxMatrixCols=\count99
\dotsspace@=\muskip10
\c@parentequation=\count100
\dspbrk@lvl=\count101
\tag@help=\toks15
\row@=\count102
\column@=\count103
\maxfields@=\count104
\andhelp@=\toks16
\eqnshift@=\dimen108
\alignsep@=\dimen109
\tagshift@=\dimen110
\tagwidth@=\dimen111
\totwidth@=\dimen112
\lineht@=\dimen113
\@envbody=\toks17
\multlinegap=\skip46
\multlinetaggap=\skip47
\mathdisplay@stack=\toks18
LaTeX Info: Redefining \[ on input line 2665.
LaTeX Info: Redefining \] on input line 2666.
) (./multirow.sty
\bigstrutjot=\dimen114
)
(./rotating.sty
Package: rotating 2009/03/28 v2.16a rotated objects in LaTeX
 (/usr/share/texlive/texmf-dist/tex/latex/graphics/graphicx.sty
Package: graphicx 1999/02/16 v1.0f Enhanced LaTeX Graphics (DPC,SPQR)

(/usr/share/texlive/texmf-dist/tex/latex/graphics/keyval.sty
Package: keyval 1999/03/16 v1.13 key=value parser (DPC)
\KV@toks@=\toks19
)
(/usr/share/texlive/texmf-dist/tex/latex/graphics/graphics.sty
Package: graphics 2009/02/05 v1.0o Standard LaTeX Graphics (DPC,SPQR)

(/usr/share/texlive/texmf-dist/tex/latex/graphics/trig.sty
Package: trig 1999/03/16 v1.09 sin cos tan (DPC)
)
(/usr/share/texlive/texmf-dist/tex/latex/latexconfig/graphics.cfg
File: graphics.cfg 2010/04/23 v1.9 graphics configuration of TeX Live
)
Package graphics Info: Driver file: pdftex.def on input line 91.

(/usr/share/texlive/texmf-dist/tex/latex/pdftex-def/pdftex.def
File: pdftex.def 2011/05/27 v0.06d Graphics/color for pdfTeX

(/usr/share/texlive/texmf-dist/tex/generic/oberdiek/infwarerr.sty
Package: infwarerr 2010/04/08 v1.3 Providing info/warning/error messages (HO)
)
(/usr/share/texlive/texmf-dist/tex/generic/oberdiek/ltxcmds.sty
Package: ltxcmds 2011/11/09 v1.22 LaTeX kernel commands for general use (HO)
)
\Gread@gobject=\count105
))
\Gin@req@height=\dimen115
\Gin@req@width=\dimen116
)
(/usr/share/texlive/texmf-dist/tex/latex/base/ifthen.sty
Package: ifthen 2001/05/26 v1.1c Standard LaTeX ifthen package (DPC)
)
\c@r@tfl@t=\count106
\rotFPtop=\skip48
\rotFPbot=\skip49
\rot@float@box=\box33
\rot@mess@toks=\toks20
) (./cite.sty
LaTeX Info: Redefining \cite on input line 302.
LaTeX Info: Redefining \nocite on input line 373.
Package: cite 2010/09/10  v 5.3
)
(./subfigure.sty
\c@subfigure=\count107
)
Enter file names to process, (chap1,chap2 ...), or `all' to process all files:

\files=body/Introduction
Including only body/Introduction.
(./main.aux (./body/contents.aux) (./body/Introduction.aux)
(./body/CMSdetector.aux) (./body/Analysis.aux) (./body/Analysis2.aux)
(./body/Systematics.aux) (./body/Results.aux) (./body/biblio.aux))
\openout1 = `main.aux'.

LaTeX Font Info:    Checking defaults for OML/cmm/m/it on input line 46.
LaTeX Font Info:    ... okay on input line 46.
LaTeX Font Info:    Checking defaults for T1/cmr/m/n on input line 46.
LaTeX Font Info:    ... okay on input line 46.
LaTeX Font Info:    Checking defaults for OT1/cmr/m/n on input line 46.
LaTeX Font Info:    ... okay on input line 46.
LaTeX Font Info:    Checking defaults for OMS/cmsy/m/n on input line 46.
LaTeX Font Info:    ... okay on input line 46.
LaTeX Font Info:    Checking defaults for OMX/cmex/m/n on input line 46.
LaTeX Font Info:    ... okay on input line 46.
LaTeX Font Info:    Checking defaults for U/cmr/m/n on input line 46.
LaTeX Font Info:    ... okay on input line 46.

(/usr/share/texlive/texmf-dist/tex/context/base/supp-pdf.mkii
[Loading MPS to PDF converter (version 2006.09.02).]
\scratchcounter=\count108
\scratchdimen=\dimen117
\scratchbox=\box34
\nofMPsegments=\count109
\nofMParguments=\count110
\everyMPshowfont=\toks21
\MPscratchCnt=\count111
\MPscratchDim=\dimen118
\MPnumerator=\count112
\makeMPintoPDFobject=\count113
\everyMPtoPDFconversion=\toks22
) (/usr/share/texlive/texmf-dist/tex/generic/oberdiek/pdftexcmds.sty
Package: pdftexcmds 2011/11/29 v0.20 Utility functions of pdfTeX for LuaTeX (HO
)

(/usr/share/texlive/texmf-dist/tex/generic/oberdiek/ifluatex.sty
Package: ifluatex 2010/03/01 v1.3 Provides the ifluatex switch (HO)
Package ifluatex Info: LuaTeX not detected.
)
(/usr/share/texlive/texmf-dist/tex/generic/oberdiek/ifpdf.sty
Package: ifpdf 2011/01/30 v2.3 Provides the ifpdf switch (HO)
Package ifpdf Info: pdfTeX in PDF mode is detected.
)
Package pdftexcmds Info: LuaTeX not detected.
Package pdftexcmds Info: \pdf@primitive is available.
Package pdftexcmds Info: \pdf@ifprimitive is available.
Package pdftexcmds Info: \pdfdraftmode found.
)
(/usr/share/texlive/texmf-dist/tex/latex/oberdiek/epstopdf-base.sty
Package: epstopdf-base 2010/02/09 v2.5 Base part for package epstopdf

(/usr/share/texlive/texmf-dist/tex/latex/oberdiek/grfext.sty
Package: grfext 2010/08/19 v1.1 Manage graphics extensions (HO)

(/usr/share/texlive/texmf-dist/tex/generic/oberdiek/kvdefinekeys.sty
Package: kvdefinekeys 2011/04/07 v1.3 Define keys (HO)
))
(/usr/share/texlive/texmf-dist/tex/latex/oberdiek/kvoptions.sty
Package: kvoptions 2011/06/30 v3.11 Key value format for package options (HO)

(/usr/share/texlive/texmf-dist/tex/generic/oberdiek/kvsetkeys.sty
Package: kvsetkeys 2012/04/25 v1.16 Key value parser (HO)

(/usr/share/texlive/texmf-dist/tex/generic/oberdiek/etexcmds.sty
Package: etexcmds 2011/02/16 v1.5 Avoid name clashes with e-TeX commands (HO)
Package etexcmds Info: Could not find \expanded.
(etexcmds)             That can mean that you are not using pdfTeX 1.50 or
(etexcmds)             that some package has redefined \expanded.
(etexcmds)             In the latter case, load this package earlier.
)))
Package grfext Info: Graphics extension search list:
(grfext)             [.png,.pdf,.jpg,.mps,.jpeg,.jbig2,.jb2,.PNG,.PDF,.JPG,.JPE
G,.JBIG2,.JB2,.eps]
(grfext)             \AppendGraphicsExtensions on input line 452.

(/usr/share/texlive/texmf-dist/tex/latex/latexconfig/epstopdf-sys.cfg
File: epstopdf-sys.cfg 2010/07/13 v1.3 Configuration of (r)epstopdf for TeX Liv
e
))
\openout2 = `body/Introduction.aux'.


(./body/Introduction.tex
Chapter 1.
[1




{/var/lib/texmf/fonts/map/pdftex/updmap/pdftex.map}]

LaTeX Warning: `!h' float specifier changed to `!ht'.

[2] [3] <plot/pair.pdf, id=21, 569.12625pt x 548.0475pt>
File: plot/pair.pdf Graphic file (type pdf)
 <use plot/pair.pdf>
Package pdftex.def Info: plot/pair.pdf used on input line 107.
(pdftex.def)             Requested size: 151.76964pt x 146.15176pt.

<plot/single.pdf, id=22, 569.12625pt x 548.0475pt>
File: plot/single.pdf Graphic file (type pdf)
 <use plot/single.pdf>
Package pdftex.def Info: plot/single.pdf used on input line 113.
(pdftex.def)             Requested size: 151.76964pt x 146.15176pt.

<plot/CIp.pdf, id=23, 569.12625pt x 548.0475pt>
File: plot/CIp.pdf Graphic file (type pdf)
 <use plot/CIp.pdf>
Package pdftex.def Info: plot/CIp.pdf used on input line 120.
(pdftex.def)             Requested size: 151.76964pt x 146.15176pt.

<plot/CIs.pdf, id=24, 569.12625pt x 548.0475pt>
File: plot/CIs.pdf Graphic file (type pdf)
 <use plot/CIs.pdf>
Package pdftex.def Info: plot/CIs.pdf used on input line 120.
(pdftex.def)             Requested size: 151.76964pt x 146.15176pt.

<plot/Feynman_Mustar4mu.pdf, id=25, 506.89375pt x 227.85126pt>
File: plot/Feynman_Mustar4mu.pdf Graphic file (type pdf)

<use plot/Feynman_Mustar4mu.pdf>
Package pdftex.def Info: plot/Feynman_Mustar4mu.pdf used on input line 130.
(pdftex.def)             Requested size: 212.47617pt x 95.50912pt.

<plot/Feynman_Mustar2mu2e.pdf, id=26, 506.89375pt x 227.85126pt>
File: plot/Feynman_Mustar2mu2e.pdf Graphic file (type pdf)

<use plot/Feynman_Mustar2mu2e.pdf>
Package pdftex.def Info: plot/Feynman_Mustar2mu2e.pdf used on input line 130.
(pdftex.def)             Requested size: 212.47617pt x 95.50912pt.

Overfull \hbox (3.08221pt too wide) in paragraph at lines 127--131
 [][] 
 []

<plot/Feynman_Estar4e.pdf, id=27, 502.87875pt x 227.85126pt>
File: plot/Feynman_Estar4e.pdf Graphic file (type pdf)

<use plot/Feynman_Estar4e.pdf>
Package pdftex.def Info: plot/Feynman_Estar4e.pdf used on input line 135.
(pdftex.def)             Requested size: 212.47617pt x 96.27052pt.

<plot/Feynman_Estar2e2mu.pdf, id=28, 502.87875pt x 227.85126pt>
File: plot/Feynman_Estar2e2mu.pdf Graphic file (type pdf)

<use plot/Feynman_Estar2e2mu.pdf>
Package pdftex.def Info: plot/Feynman_Estar2e2mu.pdf used on input line 135.
(pdftex.def)             Requested size: 212.47617pt x 96.27052pt.

Overfull \hbox (3.08221pt too wide) in paragraph at lines 132--136
 [][] 
 []


LaTeX Warning: `!h' float specifier changed to `!ht'.

[4] [5 <./plot/pair.pdf, page is rotated 90 degrees> <./plot/single.pdf, page i
s rotated 90 degrees> <./plot/CIp.pdf, page is rotated 90 degrees> <./plot/CIs.
pdf, page is rotated 90 degrees>] [6 <./plot/Feynman_Mustar4mu.pdf> <./plot/Fey
nman_Mustar2mu2e.pdf> <./plot/Feynman_Estar4e.pdf> <./plot/Feynman_Estar2e2mu.p
df>] <plot/BRff.pdf, id=250, 569.12625pt x 415.5525pt>
File: plot/BRff.pdf Graphic file (type pdf)
 <use plot/BRff.pdf>
Package pdftex.def Info: plot/BRff.pdf used on input line 160.
(pdftex.def)             Requested size: 390.25534pt x 284.96245pt.

[7 <./plot/BRff.pdf, page is rotated 90 degrees>]
<plot/BR1.pdf, id=298, 569.12625pt x 415.5525pt>
File: plot/BR1.pdf Graphic file (type pdf)
 <use plot/BR1.pdf>
Package pdftex.def Info: plot/BR1.pdf used on input line 169.
(pdftex.def)             Requested size: 390.25534pt x 284.96245pt.

<plot/BRn1.pdf, id=299, 569.12625pt x 415.5525pt>
File: plot/BRn1.pdf Graphic file (type pdf)
 <use plot/BRn1.pdf>
Package pdftex.def Info: plot/BRn1.pdf used on input line 176.
(pdftex.def)             Requested size: 390.25534pt x 284.96245pt.


LaTeX Warning: `!h' float specifier changed to `!ht'.

[8 <./plot/BR1.pdf, page is rotated 90 degrees>]
<plot/XS.pdf, id=346, 569.12625pt x 415.5525pt>
File: plot/XS.pdf Graphic file (type pdf)
 <use plot/XS.pdf>
Package pdftex.def Info: plot/XS.pdf used on input line 197.
(pdftex.def)             Requested size: 390.25534pt x 284.96245pt.
 [9 <./plot/BRn1.pdf, page is rotated 90 degrees>] [10 <./plot/XS.pdf, page is 
rotated 90 degrees>]) (./main.aux (./body/contents.aux) (./body/Introduction.au
x)
(./body/CMSdetector.aux) (./body/Analysis.aux) (./body/Analysis2.aux)
(./body/Systematics.aux) (./body/Results.aux) (./body/biblio.aux)) ) 
Here is how much of TeX's memory you used:
 2744 strings out of 495028
 36257 string characters out of 6181498
 99288 words of memory out of 5000000
 5868 multiletter control sequences out of 15000+600000
 8867 words of font info for 32 fonts, out of 8000000 for 9000
 14 hyphenation exceptions out of 8191
 38i,10n,23p,1048b,267s stack positions out of 5000i,500n,10000p,200000b,80000s
</usr/share
/texlive/texmf-dist/fonts/type1/public/amsfonts/cm/cmbx12.pfb></usr/share/texli
ve/texmf-dist/fonts/type1/public/amsfonts/cm/cmex10.pfb></usr/share/texlive/tex
mf-dist/fonts/type1/public/amsfonts/cm/cmmi12.pfb></usr/share/texlive/texmf-dis
t/fonts/type1/public/amsfonts/cm/cmmi8.pfb></usr/share/texlive/texmf-dist/fonts
/type1/public/amsfonts/cm/cmr10.pfb></usr/share/texlive/texmf-dist/fonts/type1/
public/amsfonts/cm/cmr12.pfb></usr/share/texlive/texmf-dist/fonts/type1/public/
amsfonts/cm/cmr17.pfb></usr/share/texlive/texmf-dist/fonts/type1/public/amsfont
s/cm/cmr6.pfb></usr/share/texlive/texmf-dist/fonts/type1/public/amsfonts/cm/cmr
8.pfb></usr/share/texlive/texmf-dist/fonts/type1/public/amsfonts/cm/cmsy10.pfb>
</usr/share/texlive/texmf-dist/fonts/type1/public/amsfonts/cm/cmsy6.pfb></usr/s
hare/texlive/texmf-dist/fonts/type1/public/amsfonts/cm/cmsy8.pfb>
Output written on main.pdf (10 pages, 598580 bytes).
PDF statistics:
 476 PDF objects out of 1000 (max. 8388607)
 237 compressed objects within 3 object streams
 0 named destinations out of 1000 (max. 500000)
 61 words of extra memory for PDF output out of 10000 (max. 10000000)

