\BOOKMARK [0][-]{chapter.5}{Introduction and Theory Overview}{}% 1
\BOOKMARK [1][-]{section.6}{Introduction}{chapter.5}% 2
\BOOKMARK [1][-]{section.7}{Theory Overview}{chapter.5}% 3
\BOOKMARK [2][-]{subsection.8}{Heavy Vector Triplet Model}{section.7}% 4
\BOOKMARK [2][-]{subsection.13}{Basic Phenomenology}{section.7}% 5
\BOOKMARK [2][-]{subsection.31}{Explicit Models}{section.7}% 6
\BOOKMARK [0][-]{chapter.38}{The LHC and the CMS Detector}{}% 7
\BOOKMARK [1][-]{section.39}{Large Hadron Collider}{chapter.38}% 8
\BOOKMARK [1][-]{section.42}{Compact Muon Solenoid}{chapter.38}% 9
\BOOKMARK [2][-]{subsection.46}{Tracker}{section.42}% 10
\BOOKMARK [2][-]{subsection.49}{ECAL}{section.42}% 11
\BOOKMARK [2][-]{subsection.52}{HCAL}{section.42}% 12
\BOOKMARK [2][-]{subsection.55}{Muon Chamber}{section.42}% 13
\BOOKMARK [2][-]{subsection.60}{Trigger System}{section.42}% 14
\BOOKMARK [0][-]{chapter.64}{Analysis Procedures}{}% 15
\BOOKMARK [1][-]{section.65}{Monte Carlo Samples and Data sets}{chapter.64}% 16
\BOOKMARK [2][-]{subsection.66}{Signal MC}{section.65}% 17
\BOOKMARK [2][-]{subsection.69}{Background MC}{section.65}% 18
\BOOKMARK [2][-]{subsection.71}{Data Samples}{section.65}% 19
\BOOKMARK [1][-]{section.73}{Trigger}{chapter.64}% 20
\BOOKMARK [1][-]{section.74}{Physics Objects}{chapter.64}% 21
\BOOKMARK [2][-]{subsection.75}{Muon}{section.74}% 22
\BOOKMARK [2][-]{subsection.79}{Electron}{section.74}% 23
\BOOKMARK [2][-]{subsection.86}{Jet}{section.74}% 24
\BOOKMARK [2][-]{subsection.90}{Jet Grooming Algorithms}{section.74}% 25
\BOOKMARK [2][-]{subsection.94}{b-tagging}{section.74}% 26
\BOOKMARK [1][-]{section.97}{Pile-up reweighting}{chapter.64}% 27
\BOOKMARK [1][-]{section.99}{Event and Object selection}{chapter.64}% 28
\BOOKMARK [2][-]{subsection.100}{Lepton Requirements}{section.99}% 29
\BOOKMARK [2][-]{subsection.103}{Jet Requirement}{section.99}% 30
\BOOKMARK [2][-]{subsection.104}{Z boson Requirement}{section.99}% 31
\BOOKMARK [1][-]{section.107}{Data-MC comparison}{chapter.64}% 32
\BOOKMARK [1][-]{section.117}{Background Estimation}{chapter.64}% 33
\BOOKMARK [2][-]{subsection.118}{ ratio method}{section.117}% 34
\BOOKMARK [1][-]{section.122}{Signal Yields}{chapter.64}% 35
\BOOKMARK [2][-]{subsection.123}{signal efficiency}{section.122}% 36
\BOOKMARK [2][-]{subsection.126}{The mZh spectrum}{section.122}% 37
\BOOKMARK [2][-]{subsection.127}{The CSV distribution}{section.122}% 38
\BOOKMARK [1][-]{section.133}{Systematic uncertainties}{chapter.64}% 39
\BOOKMARK [0][-]{chapter.138}{Results and conclusion}{}% 40
\BOOKMARK [1][-]{section.139}{Exclusion limit results}{chapter.138}% 41
\BOOKMARK [2][-]{subsection.140}{Counting result}{section.139}% 42
\BOOKMARK [2][-]{subsection.141}{1D shape result}{section.139}% 43
\BOOKMARK [2][-]{subsection.142}{2D shape result}{section.139}% 44
\BOOKMARK [1][-]{section.143}{Conclusion}{chapter.138}% 45
